<?xml version="1.0" encoding="UTF-8"?>
<testsuite xmlns:xsi="http://www.w3.org/2001/XMLSchema-instance" xsi:noNamespaceSchemaLocation="https://maven.apache.org/surefire/maven-surefire-plugin/xsd/surefire-test-report.xsd" version="3.0.2" name="com.campus.bfhl.service.impl.BfhlServiceImplTest" time="0.049" tests="8" errors="0" skipped="0" failures="0">
  <properties>
[...]
</properties>
  <testcase name="testProcessData_SuccessWithRequirement18SampleInput" classname="com.campus.bfhl.service.impl.BfhlServiceImplTest" time="0.009">
    <system-out><![CDATA[2026-05-26T15:50:28.208+05:30  INFO 10960 --- [bfhl] [           main] c.c.bfhl.service.impl.BfhlServiceImpl    : Processing request data...
2026-05-26T15:50:28.209+05:30  INFO 10960 --- [bfhl] [           main] c.c.bfhl.service.impl.BfhlServiceImpl    : Request data processed successfully. Success status: true
]]></system-out>
  </testcase>
  <testcase name="testProcessData_SuccessWithMultiCharAlphabets" classname="com.campus.bfhl.service.impl.BfhlServiceImplTest" time="0.001">
    <system-out><![CDATA[2026-05-26T15:50:28.214+05:30  INFO 10960 --- [bfhl] [           main] c.c.bfhl.service.impl.BfhlServiceImpl    : Processing request data...
2026-05-26T15:50:28.215+05:30  INFO 10960 --- [bfhl] [           main] c.c.bfhl.service.impl.BfhlServiceImpl    : Request data processed successfully. Success status: true
]]></system-out>
  </testcase>
  <testcase name="testProcessData_EmptyDataList_ThrowsException" classname="com.campus.bfhl.service.impl.BfhlServiceImplTest" time="0.004">
    <system-out><![CDATA[2026-05-26T15:50:28.218+05:30  INFO 10960 --- [bfhl] [           main] c.c.bfhl.service.impl.BfhlServiceImpl    : Processing request data...
2026-05-26T15:50:28.218+05:30 ERROR 10960 --- [bfhl] [           main] c.c.bfhl.service.impl.BfhlServiceImpl    : Request data list is empty
]]></system-out>
  </testcase>
  <testcase name="testProcessData_NullRequest_ThrowsException" classname="com.campus.bfhl.service.impl.BfhlServiceImplTest" time="0.003">
    <system-out><![CDATA[2026-05-26T15:50:28.222+05:30  INFO 10960 --- [bfhl] [           main] c.c.bfhl.service.impl.BfhlServiceImpl    : Processing request data...
2026-05-26T15:50:28.222+05:30 ERROR 10960 --- [bfhl] [           main] c.c.bfhl.service.impl.BfhlServiceImpl    : Request or request data list is null
]]></system-out>
  </testcase>
  <testcase name="testProcessData_DataListWithNullElement_ThrowsException" classname="com.campus.bfhl.service.impl.BfhlServiceImplTest" time="0.02">
    <system-out><![CDATA[2026-05-26T15:50:28.242+05:30  INFO 10960 --- [bfhl] [           main] c.c.bfhl.service.impl.BfhlServiceImpl    : Processing request data...
2026-05-26T15:50:28.242+05:30 ERROR 10960 --- [bfhl] [           main] c.c.bfhl.service.impl.BfhlServiceImpl    : Encountered null or empty element in request data list
]]></system-out>
  </testcase>
  <testcase name="testProcessData_NullDataList_ThrowsException" classname="com.campus.bfhl.service.impl.BfhlServiceImplTest" time="0.002">
    <system-out><![CDATA[2026-05-26T15:50:28.246+05:30  INFO 10960 --- [bfhl] [           main] c.c.bfhl.service.impl.BfhlServiceImpl    : Processing request data...
2026-05-26T15:50:28.246+05:30 ERROR 10960 --- [bfhl] [           main] c.c.bfhl.service.impl.BfhlServiceImpl    : Request or request data list is null
]]></system-out>
  </testcase>
  <testcase name="testProcessData_DataListWithBlankElement_ThrowsException" classname="com.campus.bfhl.service.impl.BfhlServiceImplTest" time="0.002">
    <system-out><![CDATA[2026-05-26T15:50:28.248+05:30  INFO 10960 --- [bfhl] [           main] c.c.bfhl.service.impl.BfhlServiceImpl    : Processing request data...
2026-05-26T15:50:28.249+05:30 ERROR 10960 --- [bfhl] [           main] c.c.bfhl.service.impl.BfhlServiceImpl    : Encountered null or empty element in request data list
]]></system-out>
  </testcase>
  <testcase name="testProcessData_SuccessWithMixedInput" classname="com.campus.bfhl.service.impl.BfhlServiceImplTest" time="0.004">
    <system-out><![CDATA[2026-05-26T15:50:28.251+05:30  INFO 10960 --- [bfhl] [           main] c.c.bfhl.service.impl.BfhlServiceImpl    : Processing request data...
2026-05-26T15:50:28.252+05:30  INFO 10960 --- [bfhl] [           main] c.c.bfhl.service.impl.BfhlServiceImpl    : Request data processed successfully. Success status: true
]]></system-out>
  </testcase>
</testsuite>